<?xml version="1.0" encoding="UTF-8"?>
<!-- Generated by org.testng.reporters.JUnitReportReporter -->
<testsuite skipped="0" hostname="DESKTOP-MCHMIFP" name="com.qa.saucedemo.tests.InventoryPageTest$LoginPageTest" tests="1" failures="0" timestamp="12 Apr 2020 19:22:26 GMT" time="0.133" errors="0">
  <testcase name="addItemsToCartTest" time="0.133" classname="com.qa.saucedemo.tests.InventoryPageTest$LoginPageTest"/>
</testsuite> <!-- com.qa.saucedemo.tests.InventoryPageTest$LoginPageTest -->
