<?xml version="1.0" encoding="UTF-8"?>
<!-- Generated by org.testng.reporters.JUnitReportReporter -->
<testsuite skipped="0" hostname="DESKTOP-MCHMIFP" name="com.qa.saucedemo.tests.CartPageTest" tests="3" failures="0" timestamp="12 Apr 2020 19:22:53 GMT" time="0.638" errors="0">
  <testcase name="addRemoveCheckoutTest" time="0.629" classname="com.qa.saucedemo.tests.CartPageTest"/>
  <testcase name="itemOneIsDisplayTest" time="0.008" classname="com.qa.saucedemo.tests.CartPageTest"/>
  <testcase name="itemTwoIsDisplayTest" time="0.001" classname="com.qa.saucedemo.tests.CartPageTest"/>
</testsuite> <!-- com.qa.saucedemo.tests.CartPageTest -->
