<?xml version="1.0" encoding="UTF-8"?>
<!-- Generated by org.testng.reporters.JUnitReportReporter -->
<testsuite skipped="0" hostname="DESKTOP-MCHMIFP" name="com.qa.saucedemo.tests.InventoryPageTest$LoginPageTest" tests="2" failures="0" timestamp="13 Apr 2020 23:27:47 GMT" time="0.008" errors="0">
  <testcase name="addItemsToCartTest" time="0.003" classname="com.qa.saucedemo.tests.InventoryPageTest$LoginPageTest"/>
  <testcase name="sortItemsTest" time="0.005" classname="com.qa.saucedemo.tests.InventoryPageTest$LoginPageTest"/>
</testsuite> <!-- com.qa.saucedemo.tests.InventoryPageTest$LoginPageTest -->
