<?xml version="1.0" encoding="UTF-8"?>
<!-- Generated by org.testng.reporters.JUnitReportReporter -->
<testsuite skipped="0" hostname="DESKTOP-MCHMIFP" name="com.qa.saucedemo.tests.CheckoutPageTest" tests="4" failures="0" timestamp="13 Apr 2020 20:44:28 GMT" time="0.238" errors="0">
  <testcase name="enterInformationTest" time="0.167" classname="com.qa.saucedemo.tests.CheckoutPageTest"/>
  <testcase name="correctItemsInCart1Test" time="0.033" classname="com.qa.saucedemo.tests.CheckoutPageTest"/>
  <testcase name="correctItemsIncart2Test" time="0.038" classname="com.qa.saucedemo.tests.CheckoutPageTest"/>
  <testcase name="TotalPriceTest" time="0.000" classname="com.qa.saucedemo.tests.CheckoutPageTest"/>
</testsuite> <!-- com.qa.saucedemo.tests.CheckoutPageTest -->
