<?xml version="1.0" encoding="UTF-8"?>
<!-- Generated by org.testng.reporters.JUnitReportReporter -->
<testsuite skipped="0" hostname="DESKTOP-MCHMIFP" name="com.qa.saucedemo.tests.LoginPageTest" tests="1" failures="0" timestamp="13 Apr 2020 23:27:47 GMT" time="1.292" errors="0">
  <testcase name="loginTest" time="1.292" classname="com.qa.saucedemo.tests.LoginPageTest"/>
</testsuite> <!-- com.qa.saucedemo.tests.LoginPageTest -->
