<?xml version="1.0" encoding="UTF-8"?>
<!-- Generated by org.testng.reporters.JUnitReportReporter -->
<testsuite skipped="0" hostname="DESKTOP-MCHMIFP" name="com.qa.saucedemo.tests.CartPageTest" tests="3" failures="0" timestamp="13 Apr 2020 20:44:28 GMT" time="0.414" errors="0">
  <testcase name="itemOneIsDisplayTest" time="0.050" classname="com.qa.saucedemo.tests.CartPageTest"/>
  <testcase name="addRemoveCheckoutTest" time="0.301" classname="com.qa.saucedemo.tests.CartPageTest"/>
  <testcase name="itemTwoIsDisplayTest" time="0.063" classname="com.qa.saucedemo.tests.CartPageTest"/>
</testsuite> <!-- com.qa.saucedemo.tests.CartPageTest -->
